\BOOKMARK [0][-]{dummy.1}{\376\377\000C\000e\000r\000t\000i\000f\000i\000c\000a\000t\000e}{}% 1
\BOOKMARK [0][-]{dummy.2}{\376\377\000C\000e\000r\000t\000i\000f\000i\000c\000a\000t\000e}{}% 2
\BOOKMARK [0][-]{dummy.3}{\376\377\000A\000c\000k\000n\000o\000w\000l\000e\000d\000g\000e\000m\000e\000n\000t\000s}{}% 3
\BOOKMARK [0][-]{dummy.4}{\376\377\000A\000b\000s\000t\000r\000a\000c\000t}{}% 4
\BOOKMARK [0][-]{dummy.5}{\376\377\000C\000o\000n\000t\000e\000n\000t\000s}{}% 5
\BOOKMARK [0][-]{dummy.7}{\376\377\000C\000o\000n\000t\000e\000n\000t\000s}{}% 6
\BOOKMARK [0][-]{chapter.9}{\376\377\0001\000\040\000I\000n\000t\000r\000o\000d\000u\000c\000t\000i\000o\000n}{}% 7
\BOOKMARK [1][-]{section.10}{\376\377\0001\000.\0001\000\040\000O\000v\000e\000r\000v\000i\000e\000w}{chapter.9}% 8
\BOOKMARK [1][-]{section.11}{\376\377\0001\000.\0002\000\040\000P\000r\000o\000b\000l\000e\000m\000\040\000S\000t\000a\000t\000e\000m\000e\000n\000t}{chapter.9}% 9
\BOOKMARK [1][-]{section.12}{\376\377\0001\000.\0003\000\040\000N\000e\000e\000d\000\040\000o\000f\000\040\000t\000h\000e\000\040\000S\000t\000u\000d\000y}{chapter.9}% 10
\BOOKMARK [0][-]{chapter.13}{\376\377\0002\000\040\000L\000i\000t\000e\000r\000a\000t\000u\000r\000e\000\040\000R\000e\000v\000i\000e\000w}{}% 11
\BOOKMARK [1][-]{section.14}{\376\377\0002\000.\0001\000\040\000I\000n\000t\000r\000o\000d\000u\000c\000t\000i\000o\000n}{chapter.13}% 12
\BOOKMARK [1][-]{section.15}{\376\377\0002\000.\0002\000\040\000R\000e\000l\000a\000t\000e\000d\000\040\000W\000o\000r\000k}{chapter.13}% 13
\BOOKMARK [0][-]{chapter.16}{\376\377\0003\000\040\000F\000e\000a\000s\000i\000b\000i\000l\000i\000t\000y\000\040\000S\000t\000u\000d\000y}{}% 14
\BOOKMARK [1][-]{section.17}{\376\377\0003\000.\0001\000\040\000I\000n\000t\000r\000o\000d\000u\000c\000t\000i\000o\000n}{chapter.16}% 15
\BOOKMARK [2][-]{subsection.18}{\376\377\0003\000.\0001\000.\0001\000\040\000T\000e\000c\000h\000n\000i\000c\000a\000l\000\040\000F\000e\000a\000s\000i\000b\000i\000l\000i\000t\000y}{section.17}% 16
\BOOKMARK [2][-]{subsection.19}{\376\377\0003\000.\0001\000.\0002\000\040\000E\000c\000o\000n\000o\000m\000i\000c\000\040\000F\000e\000a\000s\000i\000b\000i\000l\000i\000t\000y}{section.17}% 17
\BOOKMARK [2][-]{subsection.20}{\376\377\0003\000.\0001\000.\0003\000\040\000O\000p\000e\000r\000a\000t\000i\000o\000n\000a\000l\000\040\000F\000e\000a\000s\000i\000b\000i\000l\000i\000t\000y}{section.17}% 18
\BOOKMARK [0][-]{chapter.21}{\376\377\0004\000\040\000M\000e\000t\000h\000o\000d\000o\000l\000o\000g\000y}{}% 19
\BOOKMARK [1][-]{section.22}{\376\377\0004\000.\0001\000\040\000I\000n\000t\000r\000o\000d\000u\000c\000t\000i\000o\000n}{chapter.21}% 20
\BOOKMARK [1][-]{section.23}{\376\377\0004\000.\0002\000\040\000O\000b\000j\000e\000c\000t\000i\000v\000e}{chapter.21}% 21
\BOOKMARK [1][-]{section.24}{\376\377\0004\000.\0003\000\040\000D\000a\000t\000a\000\040\000C\000o\000l\000l\000e\000c\000t\000i\000o\000n\000\040\000M\000e\000t\000h\000o\000d}{chapter.21}% 22
\BOOKMARK [0][-]{chapter.25}{\376\377\0005\000\040\000S\000y\000s\000t\000e\000m\000\040\000D\000e\000s\000i\000g\000n\000\040\000a\000n\000d\000\040\000A\000r\000c\000h\000i\000t\000e\000c\000t\000u\000r\000e}{}% 23
\BOOKMARK [1][-]{section.26}{\376\377\0005\000.\0001\000\040\000I\000n\000t\000r\000o\000d\000u\000c\000t\000i\000o\000n}{chapter.25}% 24
\BOOKMARK [2][-]{subsection.27}{\376\377\0005\000.\0001\000.\0001\000\040\000H\000y\000p\000e\000r\000l\000e\000d\000g\000e\000r\000\040\000F\000a\000b\000r\000i\000c}{section.26}% 25
\BOOKMARK [2][-]{subsection.29}{\376\377\0005\000.\0001\000.\0002\000\040\000M\000e\000m\000b\000e\000r\000s\000h\000i\000p\000\040\000a\000n\000d\000\040\000A\000c\000c\000e\000s\000s\000\040\000C\000o\000n\000t\000r\000o\000l}{section.26}% 26
\BOOKMARK [2][-]{subsection.31}{\376\377\0005\000.\0001\000.\0003\000\040\000M\000a\000c\000h\000i\000n\000e\000\040\000L\000e\000a\000r\000n\000i\000n\000g}{section.26}% 27
\BOOKMARK [2][-]{subsection.33}{\376\377\0005\000.\0001\000.\0004\000\040\000W\000e\000b\000a\000p\000p}{section.26}% 28
\BOOKMARK [2][-]{subsection.35}{\376\377\0005\000.\0001\000.\0005\000\040\000R\000E\000S\000T\000\040\000A\000P\000I\000\040\000L\000a\000y\000e\000r}{section.26}% 29
\BOOKMARK [1][-]{section.36}{\376\377\0005\000.\0002\000\040\000P\000r\000o\000p\000o\000s\000e\000d\000\040\000s\000y\000s\000t\000e\000m}{chapter.25}% 30
\BOOKMARK [2][-]{subsection.39}{\376\377\0005\000.\0002\000.\0001\000\040\000P\000r\000o\000d\000u\000c\000t\000\040\000M\000a\000n\000a\000g\000e\000m\000e\000n\000t}{section.36}% 31
\BOOKMARK [0][-]{chapter.40}{\376\377\0006\000\040\000I\000m\000p\000l\000e\000m\000e\000n\000t\000a\000t\000i\000o\000n}{}% 32
\BOOKMARK [1][-]{section.41}{\376\377\0006\000.\0001\000\040\000I\000n\000t\000r\000o\000d\000u\000c\000t\000i\000o\000n}{chapter.40}% 33
\BOOKMARK [1][-]{section.42}{\376\377\0006\000.\0002\000\040\000\040\000E\000x\000p\000e\000r\000i\000m\000e\000n\000t\000a\000l\000\040\000S\000e\000t\000u\000p}{chapter.40}% 34
\BOOKMARK [2][-]{subsection.43}{\376\377\0006\000.\0002\000.\0001\000\040\000B\000l\000o\000c\000k\000c\000h\000a\000i\000n\000\040\000N\000e\000t\000w\000o\000r\000k\000\040\000S\000e\000t\000u\000p}{section.42}% 35
\BOOKMARK [2][-]{subsection.44}{\376\377\0006\000.\0002\000.\0002\000\040\000C\000h\000a\000n\000n\000e\000l\000\040\000c\000o\000n\000f\000i\000g\000u\000r\000a\000t\000i\000o\000n}{section.42}% 36
\BOOKMARK [2][-]{subsection.45}{\376\377\0006\000.\0002\000.\0003\000\040\000C\000h\000a\000i\000n\000c\000o\000d\000e\000\040\000D\000e\000v\000e\000l\000o\000p\000m\000e\000n\000t}{section.42}% 37
\BOOKMARK [3][-]{subsubsection.46}{\376\377\0006\000.\0002\000.\0003\000.\0001\000\040\000U\000s\000e\000r\000\040\000R\000e\000g\000i\000s\000t\000r\000a\000t\000i\000o\000n}{subsection.45}% 38
\BOOKMARK [3][-]{subsubsection.53}{\376\377\0006\000.\0002\000.\0003\000.\0002\000\040\000U\000s\000e\000r\000\040\000S\000i\000g\000n\000i\000n}{subsection.45}% 39
\BOOKMARK [3][-]{subsubsection.60}{\376\377\0006\000.\0002\000.\0003\000.\0003\000\040\000c\000r\000e\000a\000t\000e\000\040\000p\000r\000o\000d\000u\000c\000t}{subsection.45}% 40
\BOOKMARK [3][-]{subsubsection.72}{\376\377\0006\000.\0002\000.\0003\000.\0004\000\040\000p\000r\000o\000d\000u\000c\000t\000\040\000l\000i\000s\000t\000i\000n\000g}{subsection.45}% 41
\BOOKMARK [3][-]{subsubsection.94}{\376\377\0006\000.\0002\000.\0003\000.\0005\000\040\000s\000e\000n\000d\000\040\000t\000o\000\040\000e\000x\000p\000o\000r\000t\000e\000r}{subsection.45}% 42
\BOOKMARK [3][-]{subsubsection.106}{\376\377\0006\000.\0002\000.\0003\000.\0006\000\040\000i\000n\000v\000o\000i\000c\000e\000\040\000c\000r\000e\000a\000t\000i\000o\000n}{subsection.45}% 43
\BOOKMARK [3][-]{subsubsection.121}{\376\377\0006\000.\0002\000.\0003\000.\0007\000\040\000q\000u\000e\000r\000y}{subsection.45}% 44
\BOOKMARK [0][-]{chapter.137}{\376\377\0007\000\040\000C\000o\000n\000c\000l\000u\000s\000i\000o\000n\000\040\000a\000n\000d\000\040\000F\000u\000t\000u\000r\000e\000\040\000S\000c\000o\000p\000e}{}% 45
\BOOKMARK [1][-]{section.138}{\376\377\0007\000.\0001\000\040\000C\000o\000n\000c\000l\000u\000s\000i\000o\000n}{chapter.137}% 46
\BOOKMARK [1][-]{section.139}{\376\377\0007\000.\0002\000\040\000F\000u\000t\000u\000r\000e\000\040\000S\000c\000o\000p\000e}{chapter.137}% 47
\BOOKMARK [0][-]{dummy.140}{\376\377\000L\000i\000s\000t\000\040\000o\000f\000\040\000T\000a\000b\000l\000e\000s}{}% 48
\BOOKMARK [0][-]{dummy.142}{\376\377\000L\000i\000s\000t\000\040\000o\000f\000\040\000F\000i\000g\000u\000r\000e\000s}{}% 49
\BOOKMARK [0][-]{dummy.144}{\376\377\000B\000i\000b\000l\000i\000o\000g\000r\000a\000p\000h\000y}{}% 50
